<?xml version="1.0" encoding="UTF-8"?>
<!-- Generated by org.testng.reporters.JUnitReportReporter -->
<testsuite hostname="DESKTOP-G8U2059" failures="0" tests="3" name="com.nopcommerce.user.Level_20_Manage_Test_Data_By_External_File" time="7.457" errors="0" timestamp="01 Oct 2022 07:09:23 GMT" skipped="0">
  <testcase classname="com.nopcommerce.user.Level_20_Manage_Test_Data_By_External_File" name="User_02_Login" time="2.759"/>
  <testcase classname="com.nopcommerce.user.Level_20_Manage_Test_Data_By_External_File" name="User_03_My_Account" time="0.872"/>
  <testcase classname="com.nopcommerce.user.Level_20_Manage_Test_Data_By_External_File" name="User_01_Register" time="3.826"/>
</testsuite> <!-- com.nopcommerce.user.Level_20_Manage_Test_Data_By_External_File -->
